Build started 12/17/2016 17:52:30.
     1>Project "C:\Users\User\Desktop\Magshimim\Year 2\Advanced Programming (C++)\Lesson 7 - Chess project Part A\ChessProject\ChessProject\ChessProject.vcxproj" on node 2 (Build target(s)).
     1>ClCompile:
         C:\Program Files (x86)\Microsoft Visual Studio 12.0\VC\bin\CL.exe /c /ZI /nologo /W3 /WX- /sdl /Od /Oy- /D _MBCS /Gm /EHsc /RTC1 /MDd /GS /fp:precise /Zc:wchar_t /Zc:forScope /Fo"Debug\\" /Fd"Debug\vc120.pdb" /Gd /TP /analyze- /errorReport:prompt Game.cpp Knight.cpp
         Game.cpp
     1>c:\users\user\desktop\magshimim\year 2\advanced programming (c++)\lesson 7 - chess project part a\chessproject\chessproject\game.cpp(70): warning C4018: '<' : signed/unsigned mismatch
         Generating Code...
         Skipping... (no relevant changes detected)
         Knight.cpp
       Link:
         C:\Program Files (x86)\Microsoft Visual Studio 12.0\VC\bin\link.exe /ERRORREPORT:PROMPT /OUT:"C:\Users\User\Desktop\Magshimim\Year 2\Advanced Programming (C++)\Lesson 7 - Chess project Part A\ChessProject\Debug\ChessProject.exe" /INCREMENTAL /NOLOGO kernel32.lib user32.lib gdi32.lib winspool.lib comdlg32.lib advapi32.lib shell32.lib ole32.lib oleaut32.lib uuid.lib odbc32.lib odbccp32.lib /MANIFEST /MANIFESTUAC:"level='asInvoker' uiAccess='false'" /manifest:embed /DEBUG /PDB:"C:\Users\User\Desktop\Magshimim\Year 2\Advanced Programming (C++)\Lesson 7 - Chess project Part A\ChessProject\Debug\ChessProject.pdb" /TLBID:1 /DYNAMICBASE /NXCOMPAT /IMPLIB:"C:\Users\User\Desktop\Magshimim\Year 2\Advanced Programming (C++)\Lesson 7 - Chess project Part A\ChessProject\Debug\ChessProject.lib" /MACHINE:X86 Debug\Bishop.obj
         Debug\Chessman.obj
         Debug\Game.obj
         Debug\King.obj
         Debug\Knight.obj
         Debug\Pawn.obj
         Debug\Queen.obj
         Debug\Rook.obj
         Debug\Source.obj
         Debug\stdafx.obj
         ChessProject.vcxproj -> C:\Users\User\Desktop\Magshimim\Year 2\Advanced Programming (C++)\Lesson 7 - Chess project Part A\ChessProject\Debug\ChessProject.exe
     1>Done Building Project "C:\Users\User\Desktop\Magshimim\Year 2\Advanced Programming (C++)\Lesson 7 - Chess project Part A\ChessProject\ChessProject\ChessProject.vcxproj" (Build target(s)).

Build succeeded.

Time Elapsed 00:00:02.03
